<?xml version="1.0" encoding="UTF-8"?>
<!-- Generated by org.testng.reporters.JUnitXMLReporter -->
<testsuite hostname="AppathuraiN" name="Default test" tests="3" failures="0" timestamp="10 Aug 2020 13:52:33 GMT" time="11.206" errors="0">
  <testcase name="OpeNDTVUrlTest" time="6.482" classname="com.tests.web.NdtvPageTest"/>
  <testcase name="NavigateToWeatherPageTest" time="1.435" classname="com.tests.web.NdtvPageTest"/>
  <testcase name="GetWeatherDetailsOfSelectedCityTest" time="2.512" classname="com.tests.web.NdtvPageTest"/>
</testsuite> <!-- Default test -->
