<?xml version="1.0" encoding="UTF-8"?>
<!-- Generated by org.testng.reporters.JUnitXMLReporter -->
<testsuite hostname="AppathuraiN" name="Test" tests="5" failures="0" timestamp="10 Aug 2020 14:10:15 GMT" time="12.974" errors="0">
  <testcase name="OpeNDTVUrlTest" time="6.734" classname="com.tests.web.NdtvPageTest"/>
  <testcase name="NavigateToWeatherPageTest" time="0.486" classname="com.tests.web.NdtvPageTest"/>
  <testcase name="GetWeatherDetailsOfSelectedCityTest" time="2.921" classname="com.tests.web.NdtvPageTest"/>
  <testcase name="GetWeatherDetails" time="2.815" classname="com.tests.api.OpenWeatherAPITest"/>
  <testcase name="CompareWeather" time="0.001" classname="com.tests.api.CompareWeatherDataTest"/>
</testsuite> <!-- Test -->
