<?xml version="1.0" encoding="UTF-8"?>
<!-- Generated by org.testng.reporters.JUnitXMLReporter -->
<testsuite hostname="AppathuraiN" name="Test" tests="3" failures="0" timestamp="10 Aug 2020 04:06:01 GMT" time="19.808" errors="0">
  <testcase name="GetWeatherDataFromNDTVPage" time="11.981" classname="com.tests.WebPageTest"/>
  <testcase name="GetWeatherDetails" time="4.196" classname="com.tests.OpenWeatherAPITest"/>
  <testcase name="CompareWeather" time="0.0" classname="com.tests.CompareWeatherDataTest"/>
</testsuite> <!-- Test -->
