<?xml version="1.0" encoding="UTF-8"?>
<!-- Generated by org.testng.reporters.JUnitXMLReporter -->
<testsuite hostname="AppathuraiN" name="Test" tests="3" failures="0" timestamp="9 Aug 2020 16:01:36 GMT" time="19.086" errors="0">
  <testcase name="GetWeatherDataFromNDTVPage" time="13.613" classname="com.tests.WebPageTest"/>
  <testcase name="GetWeatherDetails" time="2.474" classname="com.tests.OpenWeatherAPITest"/>
  <testcase name="CompareWeather" time="0.001" classname="com.tests.CompareWeatherDataTest"/>
</testsuite> <!-- Test -->
