<?xml version="1.0" encoding="UTF-8"?>
<!-- Generated by org.testng.reporters.JUnitXMLReporter -->
<testsuite hostname="AppathuraiN" name="Test" tests="5" failures="1" timestamp="10 Aug 2020 13:59:05 GMT" time="12.61" errors="0">
  <testcase name="OpeNDTVUrlTest" time="7.003" classname="com.tests.web.NdtvPageTest"/>
  <testcase name="NavigateToWeatherPageTest" time="0.965" classname="com.tests.web.NdtvPageTest"/>
  <testcase name="GetWeatherDetailsOfSelectedCityTest" time="2.645" classname="com.tests.web.NdtvPageTest"/>
  <testcase name="GetWeatherDetails" time="1.979" classname="com.tests.api.OpenWeatherAPITest"/>
  <testcase name="CompareWeather" time="0.001" classname="com.tests.api.CompareWeatherDataTest">
    <failure type="java.lang.NumberFormatException" message="empty String">
      <![CDATA[java.lang.NumberFormatException: empty String
	at sun.misc.FloatingDecimal.readJavaFormatString(FloatingDecimal.java:1842)
	at sun.misc.FloatingDecimal.parseFloat(FloatingDecimal.java:122)
	at java.lang.Float.parseFloat(Float.java:451)
	at com.tests.api.CompareWeatherDataTest.CompareWeather(CompareWeatherDataTest.java:22)
... Removed 27 stack frames]]>
    </failure>
  </testcase> <!-- CompareWeather -->
</testsuite> <!-- Test -->
