<?xml version="1.0" encoding="UTF-8"?>
<testsuite xmlns:xsi="http://www.w3.org/2001/XMLSchema-instance" xsi:noNamespaceSchemaLocation="https://maven.apache.org/surefire/maven-surefire-plugin/xsd/surefire-test-report.xsd" name="TestSuite" time="16.185" tests="5" errors="0" skipped="0" failures="2">
  <properties>
[...]
</properties>
  <testcase name="OpeNDTVUrlTest" classname="com.tests.web.NdtvPageTest" time="6.756"/>
  <testcase name="NavigateToWeatherPageTest" classname="com.tests.web.NdtvPageTest" time="0.58"/>
  <testcase name="GetWeatherDetailsOfSelectedCityTest" classname="com.tests.web.NdtvPageTest" time="2.685">
    <failure message="Invalid city selected expected [true] but found [false]" type="java.lang.AssertionError">java.lang.AssertionError: Invalid city selected expected [true] but found [false]
	at com.tests.web.NdtvPageTest.GetWeatherDetailsOfSelectedCityTest(NdtvPageTest.java:39)
</failure>
  </testcase>
  <testcase name="GetWeatherDetails" classname="com.tests.api.OpenWeatherAPITest" time="1.885"/>
  <testcase name="CompareWeather" classname="com.tests.api.CompareWeatherDataTest" time="0">
    <failure message="empty String" type="java.lang.NumberFormatException">java.lang.NumberFormatException: empty String
	at com.tests.api.CompareWeatherDataTest.CompareWeather(CompareWeatherDataTest.java:21)
</failure>
  </testcase>
</testsuite>