<?xml version="1.0" encoding="UTF-8"?>
<testng-results skipped="0" failed="2" total="5" passed="3">
  <reporter-output>
  </reporter-output>
  <suite name="Suite" duration-ms="12694" started-at="2020-08-11T05:37:04Z" finished-at="2020-08-11T05:37:17Z">
    <groups>
    </groups>
    <test name="Test" duration-ms="12694" started-at="2020-08-11T05:37:04Z" finished-at="2020-08-11T05:37:17Z">
      <class name="com.tests.api.CompareWeatherDataTest">
        <test-method status="FAIL" signature="CompareWeather(org.testng.ITestContext, int, int)[pri:0, instance:com.tests.api.CompareWeatherDataTest@543588e6]" name="CompareWeather" duration-ms="0" started-at="2020-08-11T11:07:17Z" description="Compares weather reporting done by UI and API" data-provider="VarianceDP" finished-at="2020-08-11T11:07:17Z">
          <params>
            <param index="0">
              <value>
                <![CDATA[org.testng.TestRunner@280e8a1a]]>
              </value>
            </param>
            <param index="1">
              <value>
                <![CDATA[2]]>
              </value>
            </param>
            <param index="2">
              <value>
                <![CDATA[15]]>
              </value>
            </param>
          </params>
          <exception class="java.lang.NumberFormatException">
            <message>
              <![CDATA[empty String]]>
            </message>
            <full-stacktrace>
              <![CDATA[java.lang.NumberFormatException: empty String
	at sun.misc.FloatingDecimal.readJavaFormatString(FloatingDecimal.java:1842)
	at sun.misc.FloatingDecimal.parseFloat(FloatingDecimal.java:122)
	at java.lang.Float.parseFloat(Float.java:451)
	at com.tests.api.CompareWeatherDataTest.CompareWeather(CompareWeatherDataTest.java:21)
	at sun.reflect.NativeMethodAccessorImpl.invoke0(Native Method)
	at sun.reflect.NativeMethodAccessorImpl.invoke(NativeMethodAccessorImpl.java:62)
	at sun.reflect.DelegatingMethodAccessorImpl.invoke(DelegatingMethodAccessorImpl.java:43)
	at java.lang.reflect.Method.invoke(Method.java:498)
	at org.testng.internal.MethodInvocationHelper.invokeMethod(MethodInvocationHelper.java:84)
	at org.testng.internal.Invoker.invokeMethod(Invoker.java:714)
	at org.testng.internal.Invoker.invokeTestMethod(Invoker.java:901)
	at org.testng.internal.Invoker.invokeTestMethods(Invoker.java:1231)
	at org.testng.internal.TestMethodWorker.invokeTestMethods(TestMethodWorker.java:127)
	at org.testng.internal.TestMethodWorker.run(TestMethodWorker.java:111)
	at org.testng.TestRunner.privateRun(TestRunner.java:767)
	at org.testng.TestRunner.run(TestRunner.java:617)
	at org.testng.SuiteRunner.runTest(SuiteRunner.java:348)
	at org.testng.SuiteRunner.runSequentially(SuiteRunner.java:343)
	at org.testng.SuiteRunner.privateRun(SuiteRunner.java:305)
	at org.testng.SuiteRunner.run(SuiteRunner.java:254)
	at org.testng.SuiteRunnerWorker.runSuite(SuiteRunnerWorker.java:52)
	at org.testng.SuiteRunnerWorker.run(SuiteRunnerWorker.java:86)
	at org.testng.TestNG.runSuitesSequentially(TestNG.java:1224)
	at org.testng.TestNG.runSuitesLocally(TestNG.java:1149)
	at org.testng.TestNG.run(TestNG.java:1057)
	at org.apache.maven.surefire.testng.TestNGExecutor.run(TestNGExecutor.java:283)
	at org.apache.maven.surefire.testng.TestNGXmlTestSuite.execute(TestNGXmlTestSuite.java:75)
	at org.apache.maven.surefire.testng.TestNGProvider.invoke(TestNGProvider.java:120)
	at org.apache.maven.surefire.booter.ForkedBooter.invokeProviderInSameClassLoader(ForkedBooter.java:384)
	at org.apache.maven.surefire.booter.ForkedBooter.runSuitesInProcess(ForkedBooter.java:345)
	at org.apache.maven.surefire.booter.ForkedBooter.execute(ForkedBooter.java:126)
	at org.apache.maven.surefire.booter.ForkedBooter.main(ForkedBooter.java:418)
]]>
            </full-stacktrace>
          </exception> <!-- java.lang.NumberFormatException -->
          <reporter-output>
          </reporter-output>
        </test-method> <!-- CompareWeather -->
      </class> <!-- com.tests.api.CompareWeatherDataTest -->
      <class name="com.tests.web.NdtvPageTest">
        <test-method status="PASS" signature="OpeNDTVUrlTest()[pri:0, instance:com.tests.web.NdtvPageTest@209da20d]" name="OpeNDTVUrlTest" duration-ms="6755" started-at="2020-08-11T11:07:04Z" description="Open NDTV URL" finished-at="2020-08-11T11:07:11Z">
          <reporter-output>
          </reporter-output>
        </test-method> <!-- OpeNDTVUrlTest -->
        <test-method status="PASS" signature="NavigateToWeatherPageTest()[pri:0, instance:com.tests.web.NdtvPageTest@209da20d]" name="NavigateToWeatherPageTest" duration-ms="580" started-at="2020-08-11T11:07:11Z" description="Navigate to weather page" finished-at="2020-08-11T11:07:11Z">
          <reporter-output>
          </reporter-output>
        </test-method> <!-- NavigateToWeatherPageTest -->
        <test-method status="FAIL" signature="GetWeatherDetailsOfSelectedCityTest(org.testng.ITestContext, java.lang.String)[pri:0, instance:com.tests.web.NdtvPageTest@209da20d]" name="GetWeatherDetailsOfSelectedCityTest" duration-ms="2680" started-at="2020-08-11T11:07:11Z" description="Get weather details of selected city" data-provider="CityNameDP" finished-at="2020-08-11T11:07:14Z">
          <params>
            <param index="0">
              <value>
                <![CDATA[org.testng.TestRunner@280e8a1a]]>
              </value>
            </param>
            <param index="1">
              <value>
                <![CDATA[Mumbai]]>
              </value>
            </param>
          </params>
          <exception class="java.lang.AssertionError">
            <message>
              <![CDATA[Invalid city selected expected [true] but found [false]]]>
            </message>
            <full-stacktrace>
              <![CDATA[java.lang.AssertionError: Invalid city selected expected [true] but found [false]
	at org.testng.Assert.fail(Assert.java:94)
	at org.testng.Assert.failNotEquals(Assert.java:494)
	at org.testng.Assert.assertTrue(Assert.java:42)
	at com.validators.Validator.ValidateResultWithErrMessage(Validator.java:8)
	at com.tests.web.NdtvPageTest.GetWeatherDetailsOfSelectedCityTest(NdtvPageTest.java:39)
	at sun.reflect.NativeMethodAccessorImpl.invoke0(Native Method)
	at sun.reflect.NativeMethodAccessorImpl.invoke(NativeMethodAccessorImpl.java:62)
	at sun.reflect.DelegatingMethodAccessorImpl.invoke(DelegatingMethodAccessorImpl.java:43)
	at java.lang.reflect.Method.invoke(Method.java:498)
	at org.testng.internal.MethodInvocationHelper.invokeMethod(MethodInvocationHelper.java:84)
	at org.testng.internal.Invoker.invokeMethod(Invoker.java:714)
	at org.testng.internal.Invoker.invokeTestMethod(Invoker.java:901)
	at org.testng.internal.Invoker.invokeTestMethods(Invoker.java:1231)
	at org.testng.internal.TestMethodWorker.invokeTestMethods(TestMethodWorker.java:127)
	at org.testng.internal.TestMethodWorker.run(TestMethodWorker.java:111)
	at org.testng.TestRunner.privateRun(TestRunner.java:767)
	at org.testng.TestRunner.run(TestRunner.java:617)
	at org.testng.SuiteRunner.runTest(SuiteRunner.java:348)
	at org.testng.SuiteRunner.runSequentially(SuiteRunner.java:343)
	at org.testng.SuiteRunner.privateRun(SuiteRunner.java:305)
	at org.testng.SuiteRunner.run(SuiteRunner.java:254)
	at org.testng.SuiteRunnerWorker.runSuite(SuiteRunnerWorker.java:52)
	at org.testng.SuiteRunnerWorker.run(SuiteRunnerWorker.java:86)
	at org.testng.TestNG.runSuitesSequentially(TestNG.java:1224)
	at org.testng.TestNG.runSuitesLocally(TestNG.java:1149)
	at org.testng.TestNG.run(TestNG.java:1057)
	at org.apache.maven.surefire.testng.TestNGExecutor.run(TestNGExecutor.java:283)
	at org.apache.maven.surefire.testng.TestNGXmlTestSuite.execute(TestNGXmlTestSuite.java:75)
	at org.apache.maven.surefire.testng.TestNGProvider.invoke(TestNGProvider.java:120)
	at org.apache.maven.surefire.booter.ForkedBooter.invokeProviderInSameClassLoader(ForkedBooter.java:384)
	at org.apache.maven.surefire.booter.ForkedBooter.runSuitesInProcess(ForkedBooter.java:345)
	at org.apache.maven.surefire.booter.ForkedBooter.execute(ForkedBooter.java:126)
	at org.apache.maven.surefire.booter.ForkedBooter.main(ForkedBooter.java:418)
]]>
            </full-stacktrace>
          </exception> <!-- java.lang.AssertionError -->
          <reporter-output>
          </reporter-output>
        </test-method> <!-- GetWeatherDetailsOfSelectedCityTest -->
        <test-method status="PASS" signature="tearDown()[pri:0, instance:com.tests.web.NdtvPageTest@209da20d]" name="tearDown" is-config="true" duration-ms="777" started-at="2020-08-11T11:07:14Z" finished-at="2020-08-11T11:07:15Z">
          <reporter-output>
          </reporter-output>
        </test-method> <!-- tearDown -->
      </class> <!-- com.tests.web.NdtvPageTest -->
      <class name="com.tests.api.OpenWeatherAPITest">
        <test-method status="PASS" signature="GetWeatherDetails(org.testng.ITestContext, java.lang.String)[pri:0, instance:com.tests.api.OpenWeatherAPITest@342c38f8]" name="GetWeatherDetails" duration-ms="1884" started-at="2020-08-11T11:07:15Z" description="Get Weather data from API" data-provider="CityNameDP" finished-at="2020-08-11T11:07:17Z">
          <params>
            <param index="0">
              <value>
                <![CDATA[org.testng.TestRunner@280e8a1a]]>
              </value>
            </param>
            <param index="1">
              <value>
                <![CDATA[Mumbai]]>
              </value>
            </param>
          </params>
          <reporter-output>
          </reporter-output>
        </test-method> <!-- GetWeatherDetails -->
      </class> <!-- com.tests.api.OpenWeatherAPITest -->
    </test> <!-- Test -->
  </suite> <!-- Suite -->
</testng-results>
