<?xml version="1.0" encoding="UTF-8"?>
<testng-results skipped="0" failed="0" total="3" passed="3">
  <reporter-output>
  </reporter-output>
  <suite name="Suite" duration-ms="19808" started-at="2020-08-10T04:05:41Z" finished-at="2020-08-10T04:06:01Z">
    <groups>
    </groups>
    <test name="Test" duration-ms="19808" started-at="2020-08-10T04:05:41Z" finished-at="2020-08-10T04:06:01Z">
      <class name="com.tests.WebPageTest">
        <test-method status="PASS" signature="Setup()[pri:0, instance:com.tests.WebPageTest@5e3a8624]" name="Setup" is-config="true" duration-ms="2872" started-at="2020-08-10T09:35:41Z" finished-at="2020-08-10T09:35:44Z">
          <reporter-output>
          </reporter-output>
        </test-method> <!-- Setup -->
        <test-method status="PASS" signature="GetWeatherDataFromNDTVPage(org.testng.ITestContext, java.lang.String)[pri:0, instance:com.tests.WebPageTest@5e3a8624]" name="GetWeatherDataFromNDTVPage" duration-ms="11981" started-at="2020-08-10T09:35:44Z" data-provider="CityNameDP" finished-at="2020-08-10T09:35:56Z">
          <params>
            <param index="0">
              <value>
                <![CDATA[org.testng.TestRunner@4bdeaabb]]>
              </value>
            </param>
            <param index="1">
              <value>
                <![CDATA[Mumbai]]>
              </value>
            </param>
          </params>
          <reporter-output>
          </reporter-output>
        </test-method> <!-- GetWeatherDataFromNDTVPage -->
        <test-method status="PASS" signature="tearDown()[pri:0, instance:com.tests.WebPageTest@5e3a8624]" name="tearDown" is-config="true" duration-ms="732" started-at="2020-08-10T09:35:56Z" finished-at="2020-08-10T09:35:57Z">
          <reporter-output>
          </reporter-output>
        </test-method> <!-- tearDown -->
      </class> <!-- com.tests.WebPageTest -->
      <class name="com.tests.CompareWeatherDataTest">
        <test-method status="PASS" signature="CompareWeather(org.testng.ITestContext, int, int)[pri:0, instance:com.tests.CompareWeatherDataTest@29774679]" name="CompareWeather" duration-ms="0" started-at="2020-08-10T09:36:01Z" data-provider="VarianceDP" finished-at="2020-08-10T09:36:01Z">
          <params>
            <param index="0">
              <value>
                <![CDATA[org.testng.TestRunner@4bdeaabb]]>
              </value>
            </param>
            <param index="1">
              <value>
                <![CDATA[2]]>
              </value>
            </param>
            <param index="2">
              <value>
                <![CDATA[15]]>
              </value>
            </param>
          </params>
          <reporter-output>
          </reporter-output>
        </test-method> <!-- CompareWeather -->
      </class> <!-- com.tests.CompareWeatherDataTest -->
      <class name="com.tests.OpenWeatherAPITest">
        <test-method status="PASS" signature="GetWeatherDetails(org.testng.ITestContext, java.lang.String)[pri:0, instance:com.tests.OpenWeatherAPITest@1bce4f0a]" name="GetWeatherDetails" duration-ms="4196" started-at="2020-08-10T09:35:57Z" data-provider="CityNameDP" finished-at="2020-08-10T09:36:01Z">
          <params>
            <param index="0">
              <value>
                <![CDATA[org.testng.TestRunner@4bdeaabb]]>
              </value>
            </param>
            <param index="1">
              <value>
                <![CDATA[Mumbai]]>
              </value>
            </param>
          </params>
          <reporter-output>
          </reporter-output>
        </test-method> <!-- GetWeatherDetails -->
      </class> <!-- com.tests.OpenWeatherAPITest -->
    </test> <!-- Test -->
  </suite> <!-- Suite -->
</testng-results>
